# JRE version: OpenJDK Runtime Environment (11.0.4+10) (build 11.0.4+10-b304.77)
# Java VM: OpenJDK 64-Bit Server VM (11.0.4+10-b304.77, mixed mode, tiered, compressed oops, g1 gc, linux-amd64)
Heap:
 garbage-first heap   total 131072K, used 11200K [0x00000000e1200000, 0x0000000100000000)
  region size 1024K, 1 young (1024K), 1 survivors (1024K)
 Metaspace       used 25772K, capacity 26292K, committed 26624K, reserved 1073152K
  class space    used 3083K, capacity 3290K, committed 3328K, reserved 1048576K
GC Heap History (10 events):
Event: 2.374 GC heap after
{Heap after GC invocations=5 (full 0):
 garbage-first heap   total 65536K, used 8207K [0x00000000e1200000, 0x0000000100000000)
  region size 1024K, 2 young (2048K), 2 survivors (2048K)
 Metaspace       used 12835K, capacity 13018K, committed 13184K, reserved 1060864K
  class space    used 1327K, capacity 1395K, committed 1408K, reserved 1048576K
}
Event: 3.132 GC heap before
{Heap before GC invocations=5 (full 0):
 garbage-first heap   total 65536K, used 19471K [0x00000000e1200000, 0x0000000100000000)
  region size 1024K, 13 young (13312K), 2 survivors (2048K)
 Metaspace       used 17251K, capacity 17669K, committed 17920K, reserved 1064960K
  class space    used 1865K, capacity 1993K, committed 2048K, reserved 1048576K
}
Event: 3.160 GC heap after
{Heap after GC invocations=6 (full 0):
 garbage-first heap   total 65536K, used 9292K [0x00000000e1200000, 0x0000000100000000)
  region size 1024K, 2 young (2048K), 2 survivors (2048K)
 Metaspace       used 17251K, capacity 17669K, committed 17920K, reserved 1064960K
  class space    used 1865K, capacity 1993K, committed 2048K, reserved 1048576K
}
Event: 4.573 GC heap before
{Heap before GC invocations=6 (full 0):
 garbage-first heap   total 65536K, used 24652K [0x00000000e1200000, 0x0000000100000000)
  region size 1024K, 17 young (17408K), 2 survivors (2048K)
 Metaspace       used 20635K, capacity 21055K, committed 21248K, reserved 1069056K
  class space    used 2303K, capacity 2469K, committed 2560K, reserved 1048576K
}
Event: 4.607 GC heap after
{Heap after GC invocations=7 (full 0):
 garbage-first heap   total 65536K, used 9893K [0x00000000e1200000, 0x0000000100000000)
  region size 1024K, 2 young (2048K), 2 survivors (2048K)
 Metaspace       used 20635K, capacity 21055K, committed 21248K, reserved 1069056K
  class space    used 2303K, capacity 2469K, committed 2560K, reserved 1048576K
}
Event: 4.762 GC heap before
{Heap before GC invocations=7 (full 0):
 garbage-first heap   total 65536K, used 9893K [0x00000000e1200000, 0x0000000100000000)
  region size 1024K, 3 young (3072K), 2 survivors (2048K)
 Metaspace       used 20676K, capacity 21055K, committed 21248K, reserved 1069056K
  class space    used 2304K, capacity 2469K, committed 2560K, reserved 1048576K
}
Event: 4.878 GC heap after
{Heap after GC invocations=8 (full 0):
 garbage-first heap   total 65536K, used 10143K [0x00000000e1200000, 0x0000000100000000)
  region size 1024K, 1 young (1024K), 1 survivors (1024K)
 Metaspace       used 20676K, capacity 21055K, committed 21248K, reserved 1069056K
  class space    used 2304K, capacity 2469K, committed 2560K, reserved 1048576K
}
Event: 61.041 GC heap before
{Heap before GC invocations=9 (full 0):
 garbage-first heap   total 65536K, used 29599K [0x00000000e1200000, 0x0000000100000000)
  region size 1024K, 20 young (20480K), 1 survivors (1024K)
 Metaspace       used 25660K, capacity 26193K, committed 26624K, reserved 1073152K
  class space    used 3074K, capacity 3257K, committed 3328K, reserved 1048576K
}
Event: 62.460 GC heap after
{Heap after GC invocations=10 (full 0):
 garbage-first heap   total 65536K, used 10654K [0x00000000e1200000, 0x0000000100000000)
  region size 1024K, 2 young (2048K), 2 survivors (2048K)
 Metaspace       used 25660K, capacity 26193K, committed 26624K, reserved 1073152K
  class space    used 3074K, capacity 3257K, committed 3328K, reserved 1048576K
}
Event: 78.748 GC heap before
{Heap before GC invocations=10 (full 0):
 garbage-first heap   total 65536K, used 11678K [0x00000000e1200000, 0x0000000100000000)
  region size 1024K, 3 young (3072K), 2 survivors (2048K)
 Metaspace       used 25772K, capacity 26292K, committed 26624K, reserved 1073152K
  class space    used 3083K, capacity 3290K, committed 3328K, reserved 1048576K
}

